	Fold #0 has 2 of wrong before pruning, 1 after pruning, out of 180 total data.
	Fold #1 has 4 of wrong before pruning, 4 after pruning, out of 180 total data.
	Fold #2 has 2 of wrong before pruning, 2 after pruning, out of 180 total data.
	Fold #3 has 6 of wrong before pruning, 6 after pruning, out of 180 total data.
	Fold #4 has 5 of wrong before pruning, 5 after pruning, out of 180 total data.
	Fold #5 has 3 of wrong before pruning, 3 after pruning, out of 180 total data.
	Fold #6 has 5 of wrong before pruning, 5 after pruning, out of 180 total data.
	Fold #7 has 6 of wrong before pruning, 6 after pruning, out of 180 total data.
	Fold #8 has 2 of wrong before pruning, 2 after pruning, out of 180 total data.
	Fold #9 has 3 of wrong before pruning, 3 after pruning, out of 180 total data.
                                                                                                                  ___________________________________x<-54.5_____________________________________________________________________________________________________________________________________________________________________________________________________________________________________________________________________________                                                 
                                                                                                                 /                                                                                                                                                                                                                                                                                                                       \                                                
                                                                                        ______________________x<-59.0______________________                                                                  _________________________________________________________________________________________________________________________________________________________________________________________________________________________x<-43.5_________                                    
                                                                                       /                                                   \                                                                /                                                                                                                                                                                                                                         \                                   
                                                              ______________________x<-55.5_________                           _________x<-56.5___                                 ______________________x<-70.5____________________________________________________________________________________________________________________________________________________________________________________________________________                     __x<-51.5_________                       
                                                             /                                      \                         /                   \                               /                                                                                                                                                                                                                                         \                   /                  \                      
                                                 _________x<-50.5_________                     __x<-50.5___              __x<-58.5___          Room 4                 _________x<-48.5_________                                                                                                                                                             _____________________________________________________________x<-73.5___          Room 3           __x<-48.5_________          
                                                /                         \                   /            \            /            \                               /                         \                                                                                                                                                           /                                                                       \                         /                  \         
          ___________________________________x<-87.5___              __x<-60.5___          Room 3       Room 1       Room 4       Room 3                        __x<-50.5___              __x<-55.5___                                                                        __________________________________________________________________________x<-53.5________________________________________________                 Room 2                    Room 2           __x<-41.5___   
         /                                             \            /            \                                                                             /            \            /            \                                                                      /                                                                                                                                 \                                                          /            \  
    __x<-55.5_________                              Room 1       Room 1       Room 4                                                                        Room 3       Room 3       Room 2       Room 2                                                        _________x<-46.5_________                                                                                                         _________x<-52.5___                                                 Room 3       Room 2
   /                  \                                                                                                                                                                                                                                         /                         \                                                                                                       /                   \                                                                   
Room 1           __x<-55.5_________                                                                                                                                                                                                    ______________________x<-55.5___              __x<-48.5________________________________________________                           ______________________x<-72.0___          Room 4                                                                 
                /                  \                                                                                                                                                                                                  /                                \            /                                                         \                         /                                \                                                                                
             Room 1           __x<-58.0___                                                                                                                                                                                _________x<-77.5_________                 Room 3       Room 3                 ___________________________________x<-78.5___              __x<-44.5_________                 Room 2                                                                              
                             /            \                                                                                                                                                                              /                         \                                                   /                                             \            /                  \                                                                                                    
                          Room 4       Room 3                                                                                                                                                                       __x<-77.5___              __x<-63.0___                                        __x<-80.5______________________                 Room 2       Room 3           __x<-52.5___                                                                                              
                                                                                                                                                                                                                   /            \            /            \                                      /                               \                                             /            \                                                                                             
                                                                                                                                                                                                                Room 3       Room 3       Room 2       Room 3                                 Room 3                 _________x<-46.5___                                    Room 2       Room 3                                                                                           
                                                                                                                                                                                                                                                                                                                    /                   \                                                                                                                                                 
                                                                                                                                                                                                                                                                                                               __x<-55.5___          Room 3                                                                                                                                               
                                                                                                                                                                                                                                                                                                              /            \                                                                                                                                                              
                                                                                                                                                                                                                                                                                                           Room 3       Room 2                                                                                                                                                            
0.998 0.985 0.996 0.991
0.993 0.97 0.996 0.981
0.956 0.97 0.996 0.963
0.976 1.0 0.996 0.988
1.0 0.985 0.996 0.992
0.993 0.97 0.996 0.981
0.956 0.972 0.996 0.964
0.976 1.0 0.996 0.988
